c:\programming\c++\sdl projects\project seti [sp]\seti\debug\vc120.pdb
c:\programming\c++\sdl projects\project seti [sp]\seti\debug\vc120.idb
c:\programming\c++\sdl projects\project seti [sp]\seti\debug\gather.obj
c:\programming\c++\sdl projects\project seti [sp]\seti\debug\info.obj
c:\programming\c++\sdl projects\project seti [sp]\seti\debug\interact.obj
c:\programming\c++\sdl projects\project seti [sp]\seti\debug\item.obj
c:\programming\c++\sdl projects\project seti [sp]\seti\debug\itemstack.obj
c:\programming\c++\sdl projects\project seti [sp]\seti\debug\keyboard.obj
c:\programming\c++\sdl projects\project seti [sp]\seti\debug\layer.obj
c:\programming\c++\sdl projects\project seti [sp]\seti\debug\libs.obj
c:\programming\c++\sdl projects\project seti [sp]\seti\debug\main.obj
c:\programming\c++\sdl projects\project seti [sp]\seti\debug\map.obj
c:\programming\c++\sdl projects\project seti [sp]\seti\debug\mobspawner.obj
c:\programming\c++\sdl projects\project seti [sp]\seti\debug\objects.obj
c:\programming\c++\sdl projects\project seti [sp]\seti\debug\skill.obj
c:\programming\c++\sdl projects\project seti [sp]\seti\debug\space.obj
c:\programming\c++\sdl projects\project seti [sp]\seti\debug\spell.obj
c:\programming\c++\sdl projects\project seti [sp]\seti\debug\stage.obj
c:\programming\c++\sdl projects\project seti [sp]\seti\debug\texolder.obj
c:\programming\c++\sdl projects\project seti [sp]\seti\debug\userinterface.obj
c:\programming\c++\sdl projects\project seti [sp]\seti\debug\variables.obj
c:\programming\c++\sdl projects\project seti [sp]\seti\debug\zone.obj
c:\programming\c++\sdl projects\project seti [sp]\seti\debug\bar.obj
c:\programming\c++\sdl projects\project seti [sp]\seti\debug\character.obj
c:\programming\c++\sdl projects\project seti [sp]\seti\debug\characterspace.obj
c:\programming\c++\sdl projects\project seti [sp]\seti\debug\entity.obj
c:\programming\c++\sdl projects\project seti [sp]\seti\debug\event.obj
c:\programming\c++\sdl projects\project seti [sp]\seti\debug\functions.obj
c:\programming\c++\sdl projects\project seti [sp]\debug\seti.ilk
c:\programming\c++\sdl projects\project seti [sp]\debug\seti.exe
c:\programming\c++\sdl projects\project seti [sp]\debug\seti.pdb
c:\programming\c++\sdl projects\project seti [sp]\seti\debug\resource.res
c:\programming\c++\sdl projects\project seti [sp]\seti\debug\seti.tlog\cl.command.1.tlog
c:\programming\c++\sdl projects\project seti [sp]\seti\debug\seti.tlog\cl.read.1.tlog
c:\programming\c++\sdl projects\project seti [sp]\seti\debug\seti.tlog\cl.write.1.tlog
c:\programming\c++\sdl projects\project seti [sp]\seti\debug\seti.tlog\link.command.1.tlog
c:\programming\c++\sdl projects\project seti [sp]\seti\debug\seti.tlog\link.read.1.tlog
c:\programming\c++\sdl projects\project seti [sp]\seti\debug\seti.tlog\link.write.1.tlog
c:\programming\c++\sdl projects\project seti [sp]\seti\debug\seti.tlog\rc.command.1.tlog
c:\programming\c++\sdl projects\project seti [sp]\seti\debug\seti.tlog\rc.read.1.tlog
c:\programming\c++\sdl projects\project seti [sp]\seti\debug\seti.tlog\rc.write.1.tlog
