  functions.cpp
c:\programming\c++\sdl projects\project seti [sp]\seti\cpp and header\functions.cpp(262): warning C4244: 'argument' : conversion from 'double' to 'int', possible loss of data
c:\programming\c++\sdl projects\project seti [sp]\seti\cpp and header\functions.cpp(285): warning C4244: '=' : conversion from 'int' to 'float', possible loss of data
c:\programming\c++\sdl projects\project seti [sp]\seti\cpp and header\functions.cpp(291): warning C4244: '=' : conversion from 'int' to 'float', possible loss of data
c:\programming\c++\sdl projects\project seti [sp]\seti\cpp and header\functions.cpp(299): warning C4244: '=' : conversion from 'float' to 'int', possible loss of data
c:\programming\c++\sdl projects\project seti [sp]\seti\cpp and header\functions.cpp(300): warning C4244: '=' : conversion from 'float' to 'int', possible loss of data
c:\programming\c++\sdl projects\project seti [sp]\seti\cpp and header\functions.cpp(301): warning C4244: '=' : conversion from 'float' to 'int', possible loss of data
c:\programming\c++\sdl projects\project seti [sp]\seti\cpp and header\functions.cpp(351): warning C4244: '=' : conversion from 'float' to 'int', possible loss of data
c:\programming\c++\sdl projects\project seti [sp]\seti\cpp and header\functions.cpp(352): warning C4244: '=' : conversion from 'float' to 'int', possible loss of data
c:\programming\c++\sdl projects\project seti [sp]\seti\cpp and header\functions.cpp(353): warning C4244: '=' : conversion from 'float' to 'int', possible loss of data
c:\programming\c++\sdl projects\project seti [sp]\seti\cpp and header\functions.cpp(371): warning C4244: 'argument' : conversion from 'float' to 'int', possible loss of data
c:\programming\c++\sdl projects\project seti [sp]\seti\cpp and header\functions.cpp(375): warning C4244: 'argument' : conversion from 'float' to 'int', possible loss of data
c:\programming\c++\sdl projects\project seti [sp]\seti\cpp and header\functions.cpp(378): warning C4244: 'argument' : conversion from 'float' to 'int', possible loss of data
c:\programming\c++\sdl projects\project seti [sp]\seti\cpp and header\functions.cpp(520): warning C4244: '=' : conversion from 'int' to 'float', possible loss of data
c:\programming\c++\sdl projects\project seti [sp]\seti\cpp and header\functions.cpp(521): warning C4244: '=' : conversion from 'int' to 'float', possible loss of data
c:\programming\c++\sdl projects\project seti [sp]\seti\cpp and header\functions.cpp(522): warning C4244: '=' : conversion from 'int' to 'float', possible loss of data
c:\programming\c++\sdl projects\project seti [sp]\seti\cpp and header\functions.cpp(523): warning C4800: 'int' : forcing value to bool 'true' or 'false' (performance warning)
c:\programming\c++\sdl projects\project seti [sp]\seti\cpp and header\functions.cpp(544): warning C4244: '=' : conversion from 'float' to 'int', possible loss of data
c:\programming\c++\sdl projects\project seti [sp]\seti\cpp and header\functions.cpp(545): warning C4244: '=' : conversion from 'float' to 'int', possible loss of data
c:\programming\c++\sdl projects\project seti [sp]\seti\cpp and header\functions.cpp(547): warning C4244: '+=' : conversion from 'float' to 'int', possible loss of data
c:\programming\c++\sdl projects\project seti [sp]\seti\cpp and header\functions.cpp(548): warning C4244: '+=' : conversion from 'float' to 'int', possible loss of data
c:\programming\c++\sdl projects\project seti [sp]\seti\cpp and header\functions.cpp(551): warning C4244: '+=' : conversion from 'float' to 'int', possible loss of data
c:\programming\c++\sdl projects\project seti [sp]\seti\cpp and header\functions.cpp(552): warning C4244: '+=' : conversion from 'float' to 'int', possible loss of data
c:\programming\c++\sdl projects\project seti [sp]\seti\cpp and header\functions.cpp(808): warning C4244: 'argument' : conversion from 'float' to 'int', possible loss of data
c:\programming\c++\sdl projects\project seti [sp]\seti\cpp and header\functions.cpp(922): warning C4244: 'argument' : conversion from 'float' to 'int', possible loss of data
c:\programming\c++\sdl projects\project seti [sp]\seti\cpp and header\functions.cpp(936): warning C4244: 'argument' : conversion from 'float' to 'int', possible loss of data
c:\programming\c++\sdl projects\project seti [sp]\seti\cpp and header\functions.cpp(937): warning C4244: 'argument' : conversion from 'float' to 'int', possible loss of data
c:\programming\c++\sdl projects\project seti [sp]\seti\cpp and header\functions.cpp(944): warning C4305: '-=' : truncation from 'double' to 'float'
c:\programming\c++\sdl projects\project seti [sp]\seti\cpp and header\functions.cpp(945): warning C4244: 'argument' : conversion from 'float' to 'int', possible loss of data
c:\programming\c++\sdl projects\project seti [sp]\seti\cpp and header\functions.cpp(954): warning C4244: 'argument' : conversion from 'float' to 'int', possible loss of data
c:\programming\c++\sdl projects\project seti [sp]\seti\cpp and header\functions.cpp(962): warning C4244: 'argument' : conversion from 'float' to 'int', possible loss of data
c:\programming\c++\sdl projects\project seti [sp]\seti\cpp and header\functions.cpp(1037): warning C4244: '=' : conversion from 'float' to 'int', possible loss of data
c:\programming\c++\sdl projects\project seti [sp]\seti\cpp and header\functions.cpp(1048): warning C4244: '=' : conversion from 'float' to 'int', possible loss of data
c:\programming\c++\sdl projects\project seti [sp]\seti\cpp and header\functions.cpp(1131): warning C4244: 'argument' : conversion from 'float' to 'int', possible loss of data
c:\programming\c++\sdl projects\project seti [sp]\seti\cpp and header\functions.cpp(1190): warning C4244: '=' : conversion from 'float' to 'int', possible loss of data
c:\programming\c++\sdl projects\project seti [sp]\seti\cpp and header\functions.cpp(1290): warning C4244: 'argument' : conversion from 'float' to 'int', possible loss of data
c:\programming\c++\sdl projects\project seti [sp]\seti\cpp and header\functions.cpp(1291): warning C4244: 'argument' : conversion from 'float' to 'int', possible loss of data
c:\programming\c++\sdl projects\project seti [sp]\seti\cpp and header\functions.cpp(1324): warning C4244: '=' : conversion from 'float' to 'int', possible loss of data
c:\programming\c++\sdl projects\project seti [sp]\seti\cpp and header\functions.cpp(1365): warning C4244: '=' : conversion from 'float' to 'int', possible loss of data
c:\programming\c++\sdl projects\project seti [sp]\seti\cpp and header\functions.cpp(1370): warning C4244: '=' : conversion from 'float' to 'int', possible loss of data
c:\programming\c++\sdl projects\project seti [sp]\seti\cpp and header\functions.cpp(1372): warning C4244: '=' : conversion from 'float' to 'int', possible loss of data
c:\programming\c++\sdl projects\project seti [sp]\seti\cpp and header\functions.cpp(1579): warning C4244: '=' : conversion from 'int' to 'float', possible loss of data
c:\programming\c++\sdl projects\project seti [sp]\seti\cpp and header\functions.cpp(1684): warning C4244: '+=' : conversion from 'float' to 'int', possible loss of data
c:\programming\c++\sdl projects\project seti [sp]\seti\cpp and header\functions.cpp(1685): warning C4244: '-=' : conversion from 'float' to 'int', possible loss of data
c:\programming\c++\sdl projects\project seti [sp]\seti\cpp and header\functions.cpp(1686): warning C4244: '+=' : conversion from 'float' to 'int', possible loss of data
c:\programming\c++\sdl projects\project seti [sp]\seti\cpp and header\functions.cpp(1687): warning C4244: '-=' : conversion from 'float' to 'int', possible loss of data
c:\programming\c++\sdl projects\project seti [sp]\seti\cpp and header\functions.cpp(1829): warning C4244: 'argument' : conversion from 'int' to 'GLfloat', possible loss of data
c:\programming\c++\sdl projects\project seti [sp]\seti\cpp and header\functions.cpp(1832): warning C4244: 'argument' : conversion from 'int' to 'GLfloat', possible loss of data
c:\programming\c++\sdl projects\project seti [sp]\seti\cpp and header\functions.cpp(1937): warning C4244: 'argument' : conversion from 'double' to 'int', possible loss of data
c:\programming\c++\sdl projects\project seti [sp]\seti\cpp and header\functions.cpp(2011): warning C4806: '|' : unsafe operation: no value of type 'bool' promoted to type 'SDL_WindowFlags' can equal the given constant
c:\programming\c++\sdl projects\project seti [sp]\seti\cpp and header\functions.cpp(2070): warning C4244: 'argument' : conversion from 'float' to 'GLint', possible loss of data
  SETI.vcxproj -> C:\Programming\C++\SDL projects\Project SETI [SP]\Debug\SETI.exe
